
Start-Date: 2018-01-18  14:55:50
Commandline: apt install openvpn
Requested-By: pi (1000)
Install: libpkcs11-helper1:armhf (1.21-1, automatic), easy-rsa:armhf (2.2.2-2, automatic), openvpn:armhf (2.4.0-6+deb9u2), pcscd:armhf (1.8.20-1, automatic), opensc-pkcs11:armhf (0.16.0-3, automatic), opensc:armhf (0.16.0-3, automatic), libccid:armhf (1.4.26-1, automatic), liblzo2-2:armhf (2.08-1.2, automatic)
End-Date: 2018-01-18  14:56:20

Start-Date: 2018-01-18  15:10:39
Commandline: apt install git
Requested-By: pi (1000)
Install: git-man:armhf (1:2.11.0-3+deb9u2, automatic), git:armhf (1:2.11.0-3+deb9u2), liberror-perl:armhf (0.17024-1, automatic)
End-Date: 2018-01-18  15:11:15

Start-Date: 2018-01-18  15:11:45
Commandline: apt upgrade -y
Requested-By: pi (1000)
Upgrade: libdns-export162:armhf (1:9.10.3.dfsg.P4-12.3+deb9u3, 1:9.10.3.dfsg.P4-12.3+deb9u4), libisccfg140:armhf (1:9.10.3.dfsg.P4-12.3+deb9u3, 1:9.10.3.dfsg.P4-12.3+deb9u4), libdbus-1-3:armhf (1.10.22-0+deb9u1, 1.10.24-0+deb9u1), libcurl3:armhf (7.52.1-5+deb9u2, 7.52.1-5+deb9u3), raspi-config:armhf (20171109, 20171201), dbus:armhf (1.10.22-0+deb9u1, 1.10.24-0+deb9u1), python2.7-minimal:armhf (2.7.13-2, 2.7.13-2+deb9u2), libsqlite3-0:armhf (3.16.2-5, 3.16.2-5+deb9u1), libicu57:armhf (57.1-6, 57.1-6+deb9u1), bind9-host:armhf (1:9.10.3.dfsg.P4-12.3+deb9u3, 1:9.10.3.dfsg.P4-12.3+deb9u4), python2.7:armhf (2.7.13-2, 2.7.13-2+deb9u2), openssh-sftp-server:armhf (1:7.4p1-10+deb9u1, 1:7.4p1-10+deb9u2), libisc160:armhf (1:9.10.3.dfsg.P4-12.3+deb9u3, 1:9.10.3.dfsg.P4-12.3+deb9u4), libisc-export160:armhf (1:9.10.3.dfsg.P4-12.3+deb9u3, 1:9.10.3.dfsg.P4-12.3+deb9u4), ssh:armhf (1:7.4p1-10+deb9u1, 1:7.4p1-10+deb9u2), bluez-firmware:armhf (1.2-3+rpt1, 1.2-3+rpt2), liblwres141:armhf (1:9.10.3.dfsg.P4-12.3+deb9u3, 1:9.10.3.dfsg.P4-12.3+deb9u4), openssh-server:armhf (1:7.4p1-10+deb9u1, 1:7.4p1-10+deb9u2), iproute2:armhf (4.9.0-1, 4.9.0-1+deb9u1), openssh-client:armhf (1:7.4p1-10+deb9u1, 1:7.4p1-10+deb9u2), libdns162:armhf (1:9.10.3.dfsg.P4-12.3+deb9u3, 1:9.10.3.dfsg.P4-12.3+deb9u4), libxml2:armhf (2.9.4+dfsg1-2.2+deb9u1, 2.9.4+dfsg1-2.2+deb9u2), libpython2.7-minimal:armhf (2.7.13-2, 2.7.13-2+deb9u2), rsync:armhf (3.1.2-1, 3.1.2-1+deb9u1), libisccc140:armhf (1:9.10.3.dfsg.P4-12.3+deb9u3, 1:9.10.3.dfsg.P4-12.3+deb9u4), libbind9-140:armhf (1:9.10.3.dfsg.P4-12.3+deb9u3, 1:9.10.3.dfsg.P4-12.3+deb9u4), raspberrypi-sys-mods:armhf (20171127, 20180103), libpython2.7-stdlib:armhf (2.7.13-2, 2.7.13-2+deb9u2), curl:armhf (7.52.1-5+deb9u2, 7.52.1-5+deb9u3), libcurl3-gnutls:armhf (7.52.1-5+deb9u2, 7.52.1-5+deb9u3), sensible-utils:armhf (0.0.9, 0.0.9+deb9u1), libssl1.0.2:armhf (1.0.2l-2+deb9u1, 1.0.2l-2+deb9u2), base-files:armhf (9.9+rpi1+deb9u1, 9.9+rpi1+deb9u3), tzdata:armhf (2017b-1, 2017c-0+deb9u1)
End-Date: 2018-01-18  15:13:15

Start-Date: 2018-01-18  15:47:11
Commandline: apt install mongodb
Requested-By: pi (1000)
Install: libsnappy1v5:armhf (1.1.3-3, automatic), libboost-program-options1.58.0:armhf (1.58.0+dfsg-5.1+rpi1+b1, automatic), mongodb:armhf (1:2.4.14-4), libboost-filesystem1.58.0:armhf (1.58.0+dfsg-5.1+rpi1+b1, automatic), libv8-3.14.5:armhf (3.14.5.8-11, automatic), libboost-thread1.58.0:armhf (1.58.0+dfsg-5.1+rpi1+b1, automatic), libboost-system1.58.0:armhf (1.58.0+dfsg-5.1+rpi1+b1, automatic), libmongoclient-dev:armhf (1.1.2-5, automatic), mongodb-server:armhf (1:2.4.14-4, automatic), libmongoclient0:armhf (1.1.2-5, automatic), mongodb-dev:armhf (2:1.1.2-5, automatic), libpcap0.8:armhf (1.8.1-3, automatic), libboost-thread1.62.0:armhf (1.62.0+dfsg-4, automatic), mongodb-clients:armhf (1:2.4.14-4, automatic), libpcrecpp0v5:armhf (2:8.39-3, automatic)
End-Date: 2018-01-18  15:47:59

Start-Date: 2018-01-18  16:11:23
Commandline: apt remove --purge mongodb
Requested-By: pi (1000)
Purge: mongodb:armhf (1:2.4.14-4)
End-Date: 2018-01-18  16:11:26

Start-Date: 2018-01-18  16:56:52
Commandline: apt autoremove
Remove: libmongoclient-dev:armhf (1.1.2-5), libmongoclient0:armhf (1.1.2-5), mongodb-dev:armhf (2:1.1.2-5), libboost-thread1.62.0:armhf (1.62.0+dfsg-4)
End-Date: 2018-01-18  16:56:54
