Thu Jan 18 15:47:57.583 [initandlisten] MongoDB starting : pid=8902 port=27017 dbpath=/var/lib/mongodb 32-bit host=pi-projet2SU-barth
Thu Jan 18 15:47:57.583 [initandlisten] 
Thu Jan 18 15:47:57.583 [initandlisten] ** NOTE: This is a 32 bit MongoDB binary.
Thu Jan 18 15:47:57.583 [initandlisten] **       32 bit builds are limited to less than 2GB of data (or less with --journal).
Thu Jan 18 15:47:57.584 [initandlisten] **       See http://dochub.mongodb.org/core/32bit
Thu Jan 18 15:47:57.584 [initandlisten] 
Thu Jan 18 15:47:57.584 [initandlisten] db version v2.4.14
Thu Jan 18 15:47:57.584 [initandlisten] git version: nogitversion
Thu Jan 18 15:47:57.584 [initandlisten] build info: Linux bm-wb-03 3.19.0-trunk-armmp #1 SMP Debian 3.19.1-1~exp1+plugwash1 (2015-03-28) armv7l BOOST_LIB_VERSION=1_58
Thu Jan 18 15:47:57.584 [initandlisten] allocator: system
Thu Jan 18 15:47:57.584 [initandlisten] options: { bind_ip: "127.0.0.1", config: "/etc/mongodb.conf", dbpath: "/var/lib/mongodb", journal: "true", logappend: "true", logpath: "/var/log/mongodb/mongodb.log" }
Thu Jan 18 15:47:57.617 [initandlisten] journal dir=/var/lib/mongodb/journal
Thu Jan 18 15:47:57.617 [initandlisten] recover : no journal files present, no recovery needed
Thu Jan 18 15:48:00.615 [initandlisten] preallocateIsFaster=true 20.56
Thu Jan 18 15:48:04.317 [initandlisten] preallocateIsFaster=true 61.94
Thu Jan 18 15:48:07.470 [initandlisten] preallocateIsFaster=true 13.3
Thu Jan 18 15:48:07.471 [initandlisten] preallocateIsFaster check took 9.853 secs
Thu Jan 18 15:48:07.471 [initandlisten] preallocating a journal file /var/lib/mongodb/journal/prealloc.0
Thu Jan 18 15:48:10.659 [initandlisten] 		File Preallocator Progress: 178257920/268435456	66%
Thu Jan 18 15:48:20.026 [initandlisten] 		File Preallocator Progress: 199229440/268435456	74%
Thu Jan 18 15:48:34.136 [initandlisten] preallocating a journal file /var/lib/mongodb/journal/prealloc.1
Thu Jan 18 15:48:37.048 [initandlisten] 		File Preallocator Progress: 209715200/268435456	78%
Thu Jan 18 15:48:45.288 [initandlisten] 		File Preallocator Progress: 241172480/268435456	89%
Thu Jan 18 15:48:56.778 [initandlisten] preallocating a journal file /var/lib/mongodb/journal/prealloc.2
Thu Jan 18 15:48:59.359 [initandlisten] 		File Preallocator Progress: 188743680/268435456	70%
Thu Jan 18 15:49:06.662 [initandlisten] 		File Preallocator Progress: 230686720/268435456	85%
Thu Jan 18 15:49:19.808 [initandlisten] allocating new ns file /var/lib/mongodb/local.ns, filling with zeroes...
Thu Jan 18 15:49:21.276 [FileAllocator] allocating new datafile /var/lib/mongodb/local.0, filling with zeroes...
Thu Jan 18 15:49:21.276 [FileAllocator] creating directory /var/lib/mongodb/_tmp
Thu Jan 18 15:49:21.357 [FileAllocator] done allocating datafile /var/lib/mongodb/local.0, size: 16MB,  took 0.047 secs
Thu Jan 18 15:49:21.376 [initandlisten] command local.$cmd command: { create: "startup_log", size: 10485760, capped: true } ntoreturn:1 keyUpdates:0  reslen:37 1568ms
Thu Jan 18 15:49:21.378 [websvr] admin web console waiting for connections on port 28017
Thu Jan 18 15:49:21.379 [initandlisten] waiting for connections on port 27017
Thu Jan 18 15:52:19.801 [PeriodicTask::Runner] task: DBConnectionPool-cleaner took: 6ms
Thu Jan 18 15:57:19.839 [PeriodicTask::Runner] task: DBConnectionPool-cleaner took: 4ms
Thu Jan 18 16:09:19.847 [PeriodicTask::Runner] task: DBConnectionPool-cleaner took: 4ms
